12:27:46.581 [Daemon worker Thread 14] WARN  o.a.i.p.ModelValidator:81 - The component Event7Qa_ is not registered in the AndroidManifest.xml file.
12:27:46.583 [Daemon worker Thread 14] WARN  o.a.i.p.ModelValidator:81 - The component Event7Qb_ is not registered in the AndroidManifest.xml file.
12:27:46.584 [Daemon worker Thread 14] WARN  o.a.i.p.ModelValidator:81 - The component Event7Qc_ is not registered in the AndroidManifest.xml file.
12:27:46.584 [Daemon worker Thread 14] WARN  o.a.i.p.ModelValidator:81 - The component Event7Qd_ is not registered in the AndroidManifest.xml file.
12:27:46.584 [Daemon worker Thread 14] WARN  o.a.i.p.ModelValidator:81 - The component Event7Qe_ is not registered in the AndroidManifest.xml file.
12:27:46.585 [Daemon worker Thread 14] WARN  o.a.i.p.ModelValidator:81 - The component Event7Qf_ is not registered in the AndroidManifest.xml file.
12:27:46.585 [Daemon worker Thread 14] WARN  o.a.i.p.ModelValidator:81 - The component Event7Qg_ is not registered in the AndroidManifest.xml file.
12:27:46.585 [Daemon worker Thread 14] WARN  o.a.i.p.ModelValidator:81 - The component Event7Qh_ is not registered in the AndroidManifest.xml file.
12:27:46.587 [Daemon worker Thread 14] WARN  o.a.i.p.ModelValidator:88 - Element user invalidated by PrefHandler
12:27:46.587 [Daemon worker Thread 14] WARN  o.a.i.p.ModelValidator:88 - Element user invalidated by PrefHandler
12:27:46.588 [Daemon worker Thread 14] WARN  o.a.i.p.ModelValidator:88 - Element user invalidated by PrefHandler
12:27:46.589 [Daemon worker Thread 14] WARN  o.a.i.p.ModelValidator:88 - Element user invalidated by PrefHandler
12:27:46.589 [Daemon worker Thread 14] WARN  o.a.i.p.ModelValidator:88 - Element user invalidated by PrefHandler
12:28:07.857 [Daemon worker Thread 14] WARN  o.a.i.p.ModelValidator:81 - The component Event7Qa_ is not registered in the AndroidManifest.xml file.
12:28:07.858 [Daemon worker Thread 14] WARN  o.a.i.p.ModelValidator:81 - The component Event7Qb_ is not registered in the AndroidManifest.xml file.
12:28:07.858 [Daemon worker Thread 14] WARN  o.a.i.p.ModelValidator:81 - The component Event7Qc_ is not registered in the AndroidManifest.xml file.
12:28:07.859 [Daemon worker Thread 14] WARN  o.a.i.p.ModelValidator:81 - The component Event7Qd_ is not registered in the AndroidManifest.xml file.
12:28:07.859 [Daemon worker Thread 14] WARN  o.a.i.p.ModelValidator:81 - The component Event7Qe_ is not registered in the AndroidManifest.xml file.
12:28:07.859 [Daemon worker Thread 14] WARN  o.a.i.p.ModelValidator:81 - The component Event7Qf_ is not registered in the AndroidManifest.xml file.
12:28:07.860 [Daemon worker Thread 14] WARN  o.a.i.p.ModelValidator:81 - The component Event7Qg_ is not registered in the AndroidManifest.xml file.
12:28:07.860 [Daemon worker Thread 14] WARN  o.a.i.p.ModelValidator:81 - The component Event7Qh_ is not registered in the AndroidManifest.xml file.
12:29:40.610 [Daemon worker Thread 14] WARN  o.a.i.p.ModelValidator:81 - The component Event7Qa_ is not registered in the AndroidManifest.xml file.
12:29:40.612 [Daemon worker Thread 14] WARN  o.a.i.p.ModelValidator:81 - The component Event7Qb_ is not registered in the AndroidManifest.xml file.
12:29:40.612 [Daemon worker Thread 14] WARN  o.a.i.p.ModelValidator:81 - The component Event7Qc_ is not registered in the AndroidManifest.xml file.
12:29:40.613 [Daemon worker Thread 14] WARN  o.a.i.p.ModelValidator:81 - The component Event7Qd_ is not registered in the AndroidManifest.xml file.
12:29:40.613 [Daemon worker Thread 14] WARN  o.a.i.p.ModelValidator:81 - The component Event7Qe_ is not registered in the AndroidManifest.xml file.
12:29:40.613 [Daemon worker Thread 14] WARN  o.a.i.p.ModelValidator:81 - The component Event7Qf_ is not registered in the AndroidManifest.xml file.
12:29:40.613 [Daemon worker Thread 14] WARN  o.a.i.p.ModelValidator:81 - The component Event7Qg_ is not registered in the AndroidManifest.xml file.
12:29:40.614 [Daemon worker Thread 14] WARN  o.a.i.p.ModelValidator:81 - The component Event7Qh_ is not registered in the AndroidManifest.xml file.
12:35:07.870 [Daemon worker Thread 15] WARN  o.a.i.p.ModelValidator:81 - The component Event7Qa_ is not registered in the AndroidManifest.xml file.
12:35:07.871 [Daemon worker Thread 15] WARN  o.a.i.p.ModelValidator:81 - The component Event7Qb_ is not registered in the AndroidManifest.xml file.
12:35:07.872 [Daemon worker Thread 15] WARN  o.a.i.p.ModelValidator:81 - The component Event7Qc_ is not registered in the AndroidManifest.xml file.
12:35:07.872 [Daemon worker Thread 15] WARN  o.a.i.p.ModelValidator:81 - The component Event7Qd_ is not registered in the AndroidManifest.xml file.
12:35:07.872 [Daemon worker Thread 15] WARN  o.a.i.p.ModelValidator:81 - The component Event7Qe_ is not registered in the AndroidManifest.xml file.
12:35:07.873 [Daemon worker Thread 15] WARN  o.a.i.p.ModelValidator:81 - The component Event7Qf_ is not registered in the AndroidManifest.xml file.
12:35:07.873 [Daemon worker Thread 15] WARN  o.a.i.p.ModelValidator:81 - The component Event7Qg_ is not registered in the AndroidManifest.xml file.
12:35:07.873 [Daemon worker Thread 15] WARN  o.a.i.p.ModelValidator:81 - The component Event7Qh_ is not registered in the AndroidManifest.xml file.
12:42:17.538 [Daemon worker Thread 16] WARN  o.a.i.p.ModelValidator:81 - The component Event7Qa_ is not registered in the AndroidManifest.xml file.
12:42:17.539 [Daemon worker Thread 16] WARN  o.a.i.p.ModelValidator:81 - The component Event7Qb_ is not registered in the AndroidManifest.xml file.
12:42:17.539 [Daemon worker Thread 16] WARN  o.a.i.p.ModelValidator:81 - The component Event7Qc_ is not registered in the AndroidManifest.xml file.
12:42:17.539 [Daemon worker Thread 16] WARN  o.a.i.p.ModelValidator:81 - The component Event7Qd_ is not registered in the AndroidManifest.xml file.
12:42:17.540 [Daemon worker Thread 16] WARN  o.a.i.p.ModelValidator:81 - The component Event7Qe_ is not registered in the AndroidManifest.xml file.
12:42:17.540 [Daemon worker Thread 16] WARN  o.a.i.p.ModelValidator:81 - The component Event7Qf_ is not registered in the AndroidManifest.xml file.
12:42:17.540 [Daemon worker Thread 16] WARN  o.a.i.p.ModelValidator:81 - The component Event7Qg_ is not registered in the AndroidManifest.xml file.
12:42:17.540 [Daemon worker Thread 16] WARN  o.a.i.p.ModelValidator:81 - The component Event7Qh_ is not registered in the AndroidManifest.xml file.
12:43:10.752 [Daemon worker Thread 16] WARN  o.a.i.p.ModelValidator:81 - The component Event7Qa_ is not registered in the AndroidManifest.xml file.
12:43:10.753 [Daemon worker Thread 16] WARN  o.a.i.p.ModelValidator:81 - The component Event7Qb_ is not registered in the AndroidManifest.xml file.
12:43:10.754 [Daemon worker Thread 16] WARN  o.a.i.p.ModelValidator:81 - The component Event7Qc_ is not registered in the AndroidManifest.xml file.
12:43:10.754 [Daemon worker Thread 16] WARN  o.a.i.p.ModelValidator:81 - The component Event7Qd_ is not registered in the AndroidManifest.xml file.
12:43:10.754 [Daemon worker Thread 16] WARN  o.a.i.p.ModelValidator:81 - The component Event7Qe_ is not registered in the AndroidManifest.xml file.
12:43:10.754 [Daemon worker Thread 16] WARN  o.a.i.p.ModelValidator:81 - The component Event7Qf_ is not registered in the AndroidManifest.xml file.
12:43:10.755 [Daemon worker Thread 16] WARN  o.a.i.p.ModelValidator:81 - The component Event7Qg_ is not registered in the AndroidManifest.xml file.
12:43:10.755 [Daemon worker Thread 16] WARN  o.a.i.p.ModelValidator:81 - The component Event7Qh_ is not registered in the AndroidManifest.xml file.
12:44:07.230 [Daemon worker Thread 16] WARN  o.a.i.p.ModelValidator:81 - The component Event7Qa_ is not registered in the AndroidManifest.xml file.
12:44:07.231 [Daemon worker Thread 16] WARN  o.a.i.p.ModelValidator:81 - The component Event7Qb_ is not registered in the AndroidManifest.xml file.
12:44:07.231 [Daemon worker Thread 16] WARN  o.a.i.p.ModelValidator:81 - The component Event7Qc_ is not registered in the AndroidManifest.xml file.
12:44:07.231 [Daemon worker Thread 16] WARN  o.a.i.p.ModelValidator:81 - The component Event7Qd_ is not registered in the AndroidManifest.xml file.
12:44:07.232 [Daemon worker Thread 16] WARN  o.a.i.p.ModelValidator:81 - The component Event7Qe_ is not registered in the AndroidManifest.xml file.
12:44:07.232 [Daemon worker Thread 16] WARN  o.a.i.p.ModelValidator:81 - The component Event7Qf_ is not registered in the AndroidManifest.xml file.
12:44:07.232 [Daemon worker Thread 16] WARN  o.a.i.p.ModelValidator:81 - The component Event7Qg_ is not registered in the AndroidManifest.xml file.
12:44:07.232 [Daemon worker Thread 16] WARN  o.a.i.p.ModelValidator:81 - The component Event7Qh_ is not registered in the AndroidManifest.xml file.
12:45:23.789 [Daemon worker Thread 17] WARN  o.a.i.p.ModelValidator:81 - The component Event7Qa_ is not registered in the AndroidManifest.xml file.
12:45:23.789 [Daemon worker Thread 17] WARN  o.a.i.p.ModelValidator:81 - The component Event7Qb_ is not registered in the AndroidManifest.xml file.
12:45:23.790 [Daemon worker Thread 17] WARN  o.a.i.p.ModelValidator:81 - The component Event7Qc_ is not registered in the AndroidManifest.xml file.
12:45:23.790 [Daemon worker Thread 17] WARN  o.a.i.p.ModelValidator:81 - The component Event7Qd_ is not registered in the AndroidManifest.xml file.
12:45:23.790 [Daemon worker Thread 17] WARN  o.a.i.p.ModelValidator:81 - The component Event7Qe_ is not registered in the AndroidManifest.xml file.
12:45:23.790 [Daemon worker Thread 17] WARN  o.a.i.p.ModelValidator:81 - The component Event7Qf_ is not registered in the AndroidManifest.xml file.
12:45:23.791 [Daemon worker Thread 17] WARN  o.a.i.p.ModelValidator:81 - The component Event7Qg_ is not registered in the AndroidManifest.xml file.
12:45:23.791 [Daemon worker Thread 17] WARN  o.a.i.p.ModelValidator:81 - The component Event7Qh_ is not registered in the AndroidManifest.xml file.
12:46:18.10 [Daemon worker Thread 17] WARN  o.a.i.p.ModelValidator:81 - The component Event7Qa_ is not registered in the AndroidManifest.xml file.
12:46:18.11 [Daemon worker Thread 17] WARN  o.a.i.p.ModelValidator:81 - The component Event7Qb_ is not registered in the AndroidManifest.xml file.
12:46:18.11 [Daemon worker Thread 17] WARN  o.a.i.p.ModelValidator:81 - The component Event7Qc_ is not registered in the AndroidManifest.xml file.
12:46:18.11 [Daemon worker Thread 17] WARN  o.a.i.p.ModelValidator:81 - The component Event7Qd_ is not registered in the AndroidManifest.xml file.
12:46:18.11 [Daemon worker Thread 17] WARN  o.a.i.p.ModelValidator:81 - The component Event7Qe_ is not registered in the AndroidManifest.xml file.
12:46:18.12 [Daemon worker Thread 17] WARN  o.a.i.p.ModelValidator:81 - The component Event7Qf_ is not registered in the AndroidManifest.xml file.
12:46:18.12 [Daemon worker Thread 17] WARN  o.a.i.p.ModelValidator:81 - The component Event7Qg_ is not registered in the AndroidManifest.xml file.
12:46:18.12 [Daemon worker Thread 17] WARN  o.a.i.p.ModelValidator:81 - The component Event7Qh_ is not registered in the AndroidManifest.xml file.
12:46:58.705 [Daemon worker Thread 17] WARN  o.a.i.p.ModelValidator:81 - The component Event7Qa_ is not registered in the AndroidManifest.xml file.
12:46:58.706 [Daemon worker Thread 17] WARN  o.a.i.p.ModelValidator:81 - The component Event7Qb_ is not registered in the AndroidManifest.xml file.
12:46:58.706 [Daemon worker Thread 17] WARN  o.a.i.p.ModelValidator:81 - The component Event7Qc_ is not registered in the AndroidManifest.xml file.
12:46:58.707 [Daemon worker Thread 17] WARN  o.a.i.p.ModelValidator:81 - The component Event7Qd_ is not registered in the AndroidManifest.xml file.
12:46:58.707 [Daemon worker Thread 17] WARN  o.a.i.p.ModelValidator:81 - The component Event7Qe_ is not registered in the AndroidManifest.xml file.
12:46:58.707 [Daemon worker Thread 17] WARN  o.a.i.p.ModelValidator:81 - The component Event7Qf_ is not registered in the AndroidManifest.xml file.
12:46:58.708 [Daemon worker Thread 17] WARN  o.a.i.p.ModelValidator:81 - The component Event7Qg_ is not registered in the AndroidManifest.xml file.
12:46:58.708 [Daemon worker Thread 17] WARN  o.a.i.p.ModelValidator:81 - The component Event7Qh_ is not registered in the AndroidManifest.xml file.
12:57:55.769 [Daemon worker Thread 18] WARN  o.a.i.p.ModelValidator:81 - The component Event7Qa_ is not registered in the AndroidManifest.xml file.
12:57:55.772 [Daemon worker Thread 18] WARN  o.a.i.p.ModelValidator:81 - The component Event7Qb_ is not registered in the AndroidManifest.xml file.
12:57:55.773 [Daemon worker Thread 18] WARN  o.a.i.p.ModelValidator:81 - The component Event7Qc_ is not registered in the AndroidManifest.xml file.
12:57:55.773 [Daemon worker Thread 18] WARN  o.a.i.p.ModelValidator:81 - The component Event7Qd_ is not registered in the AndroidManifest.xml file.
12:57:55.774 [Daemon worker Thread 18] WARN  o.a.i.p.ModelValidator:81 - The component Event7Qe_ is not registered in the AndroidManifest.xml file.
12:57:55.774 [Daemon worker Thread 18] WARN  o.a.i.p.ModelValidator:81 - The component Event7Qf_ is not registered in the AndroidManifest.xml file.
12:57:55.774 [Daemon worker Thread 18] WARN  o.a.i.p.ModelValidator:81 - The component Event7Qg_ is not registered in the AndroidManifest.xml file.
12:57:55.774 [Daemon worker Thread 18] WARN  o.a.i.p.ModelValidator:81 - The component Event7Qh_ is not registered in the AndroidManifest.xml file.
13:01:28.553 [Daemon worker Thread 19] WARN  o.a.i.p.ModelValidator:81 - The component Event7Qa_ is not registered in the AndroidManifest.xml file.
13:01:28.554 [Daemon worker Thread 19] WARN  o.a.i.p.ModelValidator:81 - The component Event7Qb_ is not registered in the AndroidManifest.xml file.
13:01:28.554 [Daemon worker Thread 19] WARN  o.a.i.p.ModelValidator:81 - The component Event7Qc_ is not registered in the AndroidManifest.xml file.
13:01:28.554 [Daemon worker Thread 19] WARN  o.a.i.p.ModelValidator:81 - The component Event7Qd_ is not registered in the AndroidManifest.xml file.
13:01:28.555 [Daemon worker Thread 19] WARN  o.a.i.p.ModelValidator:81 - The component Event7Qe_ is not registered in the AndroidManifest.xml file.
13:01:28.555 [Daemon worker Thread 19] WARN  o.a.i.p.ModelValidator:81 - The component Event7Qf_ is not registered in the AndroidManifest.xml file.
13:01:28.555 [Daemon worker Thread 19] WARN  o.a.i.p.ModelValidator:81 - The component Event7Qg_ is not registered in the AndroidManifest.xml file.
13:01:28.555 [Daemon worker Thread 19] WARN  o.a.i.p.ModelValidator:81 - The component Event7Qh_ is not registered in the AndroidManifest.xml file.
13:06:33.968 [Daemon worker Thread 20] WARN  o.a.i.p.ModelValidator:81 - The component Event7Qa_ is not registered in the AndroidManifest.xml file.
13:06:33.969 [Daemon worker Thread 20] WARN  o.a.i.p.ModelValidator:81 - The component Event7Qb_ is not registered in the AndroidManifest.xml file.
13:06:33.970 [Daemon worker Thread 20] WARN  o.a.i.p.ModelValidator:81 - The component Event7Qc_ is not registered in the AndroidManifest.xml file.
13:06:33.970 [Daemon worker Thread 20] WARN  o.a.i.p.ModelValidator:81 - The component Event7Qd_ is not registered in the AndroidManifest.xml file.
13:06:33.970 [Daemon worker Thread 20] WARN  o.a.i.p.ModelValidator:81 - The component Event7Qe_ is not registered in the AndroidManifest.xml file.
13:06:33.971 [Daemon worker Thread 20] WARN  o.a.i.p.ModelValidator:81 - The component Event7Qf_ is not registered in the AndroidManifest.xml file.
13:06:33.971 [Daemon worker Thread 20] WARN  o.a.i.p.ModelValidator:81 - The component Event7Qg_ is not registered in the AndroidManifest.xml file.
13:06:33.971 [Daemon worker Thread 20] WARN  o.a.i.p.ModelValidator:81 - The component Event7Qh_ is not registered in the AndroidManifest.xml file.
13:14:09.954 [Daemon worker Thread 21] WARN  o.a.i.p.ModelValidator:81 - The component Event7Qa_ is not registered in the AndroidManifest.xml file.
13:14:09.955 [Daemon worker Thread 21] WARN  o.a.i.p.ModelValidator:81 - The component Event7Qb_ is not registered in the AndroidManifest.xml file.
13:14:09.955 [Daemon worker Thread 21] WARN  o.a.i.p.ModelValidator:81 - The component Event7Qc_ is not registered in the AndroidManifest.xml file.
13:14:09.955 [Daemon worker Thread 21] WARN  o.a.i.p.ModelValidator:81 - The component Event7Qd_ is not registered in the AndroidManifest.xml file.
13:14:09.955 [Daemon worker Thread 21] WARN  o.a.i.p.ModelValidator:81 - The component Event7Qe_ is not registered in the AndroidManifest.xml file.
13:14:09.955 [Daemon worker Thread 21] WARN  o.a.i.p.ModelValidator:81 - The component Event7Qf_ is not registered in the AndroidManifest.xml file.
13:14:09.956 [Daemon worker Thread 21] WARN  o.a.i.p.ModelValidator:81 - The component Event7Qg_ is not registered in the AndroidManifest.xml file.
13:14:09.956 [Daemon worker Thread 21] WARN  o.a.i.p.ModelValidator:81 - The component Event7Qh_ is not registered in the AndroidManifest.xml file.
13:14:50.535 [Daemon worker Thread 21] WARN  o.a.i.p.ModelValidator:81 - The component Event7Qa_ is not registered in the AndroidManifest.xml file.
13:14:50.536 [Daemon worker Thread 21] WARN  o.a.i.p.ModelValidator:81 - The component Event7Qb_ is not registered in the AndroidManifest.xml file.
13:14:50.536 [Daemon worker Thread 21] WARN  o.a.i.p.ModelValidator:81 - The component Event7Qc_ is not registered in the AndroidManifest.xml file.
13:14:50.537 [Daemon worker Thread 21] WARN  o.a.i.p.ModelValidator:81 - The component Event7Qd_ is not registered in the AndroidManifest.xml file.
13:14:50.537 [Daemon worker Thread 21] WARN  o.a.i.p.ModelValidator:81 - The component Event7Qe_ is not registered in the AndroidManifest.xml file.
13:14:50.537 [Daemon worker Thread 21] WARN  o.a.i.p.ModelValidator:81 - The component Event7Qf_ is not registered in the AndroidManifest.xml file.
13:14:50.537 [Daemon worker Thread 21] WARN  o.a.i.p.ModelValidator:81 - The component Event7Qg_ is not registered in the AndroidManifest.xml file.
13:14:50.538 [Daemon worker Thread 21] WARN  o.a.i.p.ModelValidator:81 - The component Event7Qh_ is not registered in the AndroidManifest.xml file.
13:15:49.950 [Daemon worker Thread 21] WARN  o.a.i.p.ModelValidator:81 - The component Event7Qa_ is not registered in the AndroidManifest.xml file.
13:15:49.951 [Daemon worker Thread 21] WARN  o.a.i.p.ModelValidator:81 - The component Event7Qb_ is not registered in the AndroidManifest.xml file.
13:15:49.951 [Daemon worker Thread 21] WARN  o.a.i.p.ModelValidator:81 - The component Event7Qc_ is not registered in the AndroidManifest.xml file.
13:15:49.952 [Daemon worker Thread 21] WARN  o.a.i.p.ModelValidator:81 - The component Event7Qd_ is not registered in the AndroidManifest.xml file.
13:15:49.952 [Daemon worker Thread 21] WARN  o.a.i.p.ModelValidator:81 - The component Event7Qe_ is not registered in the AndroidManifest.xml file.
13:15:49.952 [Daemon worker Thread 21] WARN  o.a.i.p.ModelValidator:81 - The component Event7Qf_ is not registered in the AndroidManifest.xml file.
13:15:49.953 [Daemon worker Thread 21] WARN  o.a.i.p.ModelValidator:81 - The component Event7Qg_ is not registered in the AndroidManifest.xml file.
13:15:49.953 [Daemon worker Thread 21] WARN  o.a.i.p.ModelValidator:81 - The component Event7Qh_ is not registered in the AndroidManifest.xml file.
13:17:40.146 [Daemon worker Thread 22] WARN  o.a.i.p.ModelValidator:81 - The component Event7Qa_ is not registered in the AndroidManifest.xml file.
13:17:40.148 [Daemon worker Thread 22] WARN  o.a.i.p.ModelValidator:81 - The component Event7Qb_ is not registered in the AndroidManifest.xml file.
13:17:40.148 [Daemon worker Thread 22] WARN  o.a.i.p.ModelValidator:81 - The component Event7Qc_ is not registered in the AndroidManifest.xml file.
13:17:40.148 [Daemon worker Thread 22] WARN  o.a.i.p.ModelValidator:81 - The component Event7Qd_ is not registered in the AndroidManifest.xml file.
13:17:40.148 [Daemon worker Thread 22] WARN  o.a.i.p.ModelValidator:81 - The component Event7Qe_ is not registered in the AndroidManifest.xml file.
13:17:40.148 [Daemon worker Thread 22] WARN  o.a.i.p.ModelValidator:81 - The component Event7Qf_ is not registered in the AndroidManifest.xml file.
13:17:40.149 [Daemon worker Thread 22] WARN  o.a.i.p.ModelValidator:81 - The component Event7Qg_ is not registered in the AndroidManifest.xml file.
13:17:40.149 [Daemon worker Thread 22] WARN  o.a.i.p.ModelValidator:81 - The component Event7Qh_ is not registered in the AndroidManifest.xml file.
13:20:05.655 [Daemon worker Thread 23] WARN  o.a.i.p.ModelValidator:81 - The component Event7Qa_ is not registered in the AndroidManifest.xml file.
13:20:05.656 [Daemon worker Thread 23] WARN  o.a.i.p.ModelValidator:81 - The component Event7Qb_ is not registered in the AndroidManifest.xml file.
13:20:05.656 [Daemon worker Thread 23] WARN  o.a.i.p.ModelValidator:81 - The component Event7Qc_ is not registered in the AndroidManifest.xml file.
13:20:05.656 [Daemon worker Thread 23] WARN  o.a.i.p.ModelValidator:81 - The component Event7Qd_ is not registered in the AndroidManifest.xml file.
13:20:05.656 [Daemon worker Thread 23] WARN  o.a.i.p.ModelValidator:81 - The component Event7Qe_ is not registered in the AndroidManifest.xml file.
13:20:05.657 [Daemon worker Thread 23] WARN  o.a.i.p.ModelValidator:81 - The component Event7Qf_ is not registered in the AndroidManifest.xml file.
13:20:05.657 [Daemon worker Thread 23] WARN  o.a.i.p.ModelValidator:81 - The component Event7Qg_ is not registered in the AndroidManifest.xml file.
13:20:05.657 [Daemon worker Thread 23] WARN  o.a.i.p.ModelValidator:81 - The component Event7Qh_ is not registered in the AndroidManifest.xml file.
13:30:29.504 [Daemon worker Thread 24] WARN  o.a.i.p.ModelValidator:81 - The component Event7Qa_ is not registered in the AndroidManifest.xml file.
13:30:29.505 [Daemon worker Thread 24] WARN  o.a.i.p.ModelValidator:81 - The component Event7Qb_ is not registered in the AndroidManifest.xml file.
13:30:29.505 [Daemon worker Thread 24] WARN  o.a.i.p.ModelValidator:81 - The component Event7Qc_ is not registered in the AndroidManifest.xml file.
13:30:29.505 [Daemon worker Thread 24] WARN  o.a.i.p.ModelValidator:81 - The component Event7Qd_ is not registered in the AndroidManifest.xml file.
13:30:29.506 [Daemon worker Thread 24] WARN  o.a.i.p.ModelValidator:81 - The component Event7Qe_ is not registered in the AndroidManifest.xml file.
13:30:29.506 [Daemon worker Thread 24] WARN  o.a.i.p.ModelValidator:81 - The component Event7Qf_ is not registered in the AndroidManifest.xml file.
13:30:29.506 [Daemon worker Thread 24] WARN  o.a.i.p.ModelValidator:81 - The component Event7Qg_ is not registered in the AndroidManifest.xml file.
13:30:29.506 [Daemon worker Thread 24] WARN  o.a.i.p.ModelValidator:81 - The component Event7Qh_ is not registered in the AndroidManifest.xml file.
13:32:15.864 [Daemon worker Thread 25] WARN  o.a.i.p.ModelValidator:81 - The component Event7Qa_ is not registered in the AndroidManifest.xml file.
13:32:15.865 [Daemon worker Thread 25] WARN  o.a.i.p.ModelValidator:81 - The component Event7Qb_ is not registered in the AndroidManifest.xml file.
13:32:15.865 [Daemon worker Thread 25] WARN  o.a.i.p.ModelValidator:81 - The component Event7Qc_ is not registered in the AndroidManifest.xml file.
13:32:15.865 [Daemon worker Thread 25] WARN  o.a.i.p.ModelValidator:81 - The component Event7Qd_ is not registered in the AndroidManifest.xml file.
13:32:15.866 [Daemon worker Thread 25] WARN  o.a.i.p.ModelValidator:81 - The component Event7Qe_ is not registered in the AndroidManifest.xml file.
13:32:15.866 [Daemon worker Thread 25] WARN  o.a.i.p.ModelValidator:81 - The component Event7Qf_ is not registered in the AndroidManifest.xml file.
13:32:15.866 [Daemon worker Thread 25] WARN  o.a.i.p.ModelValidator:81 - The component Event7Qg_ is not registered in the AndroidManifest.xml file.
13:32:15.866 [Daemon worker Thread 25] WARN  o.a.i.p.ModelValidator:81 - The component Event7Qh_ is not registered in the AndroidManifest.xml file.
13:33:01.806 [Daemon worker Thread 25] WARN  o.a.i.p.ModelValidator:81 - The component Event7Qa_ is not registered in the AndroidManifest.xml file.
13:33:01.806 [Daemon worker Thread 25] WARN  o.a.i.p.ModelValidator:81 - The component Event7Qb_ is not registered in the AndroidManifest.xml file.
13:33:01.807 [Daemon worker Thread 25] WARN  o.a.i.p.ModelValidator:81 - The component Event7Qc_ is not registered in the AndroidManifest.xml file.
13:33:01.807 [Daemon worker Thread 25] WARN  o.a.i.p.ModelValidator:81 - The component Event7Qd_ is not registered in the AndroidManifest.xml file.
13:33:01.807 [Daemon worker Thread 25] WARN  o.a.i.p.ModelValidator:81 - The component Event7Qe_ is not registered in the AndroidManifest.xml file.
13:33:01.807 [Daemon worker Thread 25] WARN  o.a.i.p.ModelValidator:81 - The component Event7Qf_ is not registered in the AndroidManifest.xml file.
13:33:01.807 [Daemon worker Thread 25] WARN  o.a.i.p.ModelValidator:81 - The component Event7Qg_ is not registered in the AndroidManifest.xml file.
13:33:01.808 [Daemon worker Thread 25] WARN  o.a.i.p.ModelValidator:81 - The component Event7Qh_ is not registered in the AndroidManifest.xml file.
13:36:29.394 [Daemon worker Thread 26] WARN  o.a.i.p.ModelValidator:81 - The component Event7Qa_ is not registered in the AndroidManifest.xml file.
13:36:29.395 [Daemon worker Thread 26] WARN  o.a.i.p.ModelValidator:81 - The component Event7Qb_ is not registered in the AndroidManifest.xml file.
13:36:29.396 [Daemon worker Thread 26] WARN  o.a.i.p.ModelValidator:81 - The component Event7Qc_ is not registered in the AndroidManifest.xml file.
13:36:29.396 [Daemon worker Thread 26] WARN  o.a.i.p.ModelValidator:81 - The component Event7Qd_ is not registered in the AndroidManifest.xml file.
13:36:29.396 [Daemon worker Thread 26] WARN  o.a.i.p.ModelValidator:81 - The component Event7Qe_ is not registered in the AndroidManifest.xml file.
13:36:29.396 [Daemon worker Thread 26] WARN  o.a.i.p.ModelValidator:81 - The component Event7Qf_ is not registered in the AndroidManifest.xml file.
13:36:29.397 [Daemon worker Thread 26] WARN  o.a.i.p.ModelValidator:81 - The component Event7Qg_ is not registered in the AndroidManifest.xml file.
13:36:29.397 [Daemon worker Thread 26] WARN  o.a.i.p.ModelValidator:81 - The component Event7Qh_ is not registered in the AndroidManifest.xml file.
13:40:01.339 [Daemon worker Thread 27] WARN  o.a.i.p.ModelValidator:81 - The component Event7Qa_ is not registered in the AndroidManifest.xml file.
13:40:01.341 [Daemon worker Thread 27] WARN  o.a.i.p.ModelValidator:81 - The component Event7Qb_ is not registered in the AndroidManifest.xml file.
13:40:01.342 [Daemon worker Thread 27] WARN  o.a.i.p.ModelValidator:81 - The component Event7Qc_ is not registered in the AndroidManifest.xml file.
13:40:01.342 [Daemon worker Thread 27] WARN  o.a.i.p.ModelValidator:81 - The component Event7Qd_ is not registered in the AndroidManifest.xml file.
13:40:01.342 [Daemon worker Thread 27] WARN  o.a.i.p.ModelValidator:81 - The component Event7Qe_ is not registered in the AndroidManifest.xml file.
13:40:01.342 [Daemon worker Thread 27] WARN  o.a.i.p.ModelValidator:81 - The component Event7Qf_ is not registered in the AndroidManifest.xml file.
13:40:01.343 [Daemon worker Thread 27] WARN  o.a.i.p.ModelValidator:81 - The component Event7Qg_ is not registered in the AndroidManifest.xml file.
13:40:01.343 [Daemon worker Thread 27] WARN  o.a.i.p.ModelValidator:81 - The component Event7Qh_ is not registered in the AndroidManifest.xml file.
13:46:12.187 [Daemon worker Thread 28] WARN  o.a.i.p.ModelValidator:81 - The component Event7Qa_ is not registered in the AndroidManifest.xml file.
13:46:12.188 [Daemon worker Thread 28] WARN  o.a.i.p.ModelValidator:81 - The component Event7Qb_ is not registered in the AndroidManifest.xml file.
13:46:12.188 [Daemon worker Thread 28] WARN  o.a.i.p.ModelValidator:81 - The component Event7Qc_ is not registered in the AndroidManifest.xml file.
13:46:12.189 [Daemon worker Thread 28] WARN  o.a.i.p.ModelValidator:81 - The component Event7Qd_ is not registered in the AndroidManifest.xml file.
13:46:12.189 [Daemon worker Thread 28] WARN  o.a.i.p.ModelValidator:81 - The component Event7Qe_ is not registered in the AndroidManifest.xml file.
13:46:12.189 [Daemon worker Thread 28] WARN  o.a.i.p.ModelValidator:81 - The component Event7Qf_ is not registered in the AndroidManifest.xml file.
13:46:12.190 [Daemon worker Thread 28] WARN  o.a.i.p.ModelValidator:81 - The component Event7Qg_ is not registered in the AndroidManifest.xml file.
13:46:12.190 [Daemon worker Thread 28] WARN  o.a.i.p.ModelValidator:81 - The component Event7Qh_ is not registered in the AndroidManifest.xml file.
13:48:29.712 [Daemon worker Thread 29] WARN  o.a.i.p.ModelValidator:81 - The component Event7Qa_ is not registered in the AndroidManifest.xml file.
13:48:29.716 [Daemon worker Thread 29] WARN  o.a.i.p.ModelValidator:81 - The component Event7Qb_ is not registered in the AndroidManifest.xml file.
13:48:29.716 [Daemon worker Thread 29] WARN  o.a.i.p.ModelValidator:81 - The component Event7Qc_ is not registered in the AndroidManifest.xml file.
13:48:29.716 [Daemon worker Thread 29] WARN  o.a.i.p.ModelValidator:81 - The component Event7Qd_ is not registered in the AndroidManifest.xml file.
13:48:29.717 [Daemon worker Thread 29] WARN  o.a.i.p.ModelValidator:81 - The component Event7Qe_ is not registered in the AndroidManifest.xml file.
13:48:29.717 [Daemon worker Thread 29] WARN  o.a.i.p.ModelValidator:81 - The component Event7Qf_ is not registered in the AndroidManifest.xml file.
13:48:29.717 [Daemon worker Thread 29] WARN  o.a.i.p.ModelValidator:81 - The component Event7Qg_ is not registered in the AndroidManifest.xml file.
13:48:29.718 [Daemon worker Thread 29] WARN  o.a.i.p.ModelValidator:81 - The component Event7Qh_ is not registered in the AndroidManifest.xml file.
